C:\Program Files\Microsoft Visual Studio\2022\Community\MSBuild\Current\Bin\amd64\Microsoft.Common.CurrentVersion.targets(2068,5): warning : The referenced project '..\..\cocos2d-x\cocos\2d\libcocos2d.vcxproj' does not exist.
  2 File(s) copied
  jsb_cocos2dx_builder_auto.cpp
  jsb_cocos2dx_auto.cpp
  jsb_cocos2dx_3d_extension_auto.cpp
  jsb_cocos2dx_3d_auto.cpp
I:\Projects\Spin_Wheel\frameworks\js-bindings\cocos2d-x\cocos\ui\GUIDefine.h(31,10): fatal error C1083: Cannot open include file: 'cocostudio/ObjectFactory.h': No such file or directory (compiling source file ..\auto\jsb_cocos2dx_auto.cpp)
I:\Projects\Spin_Wheel\frameworks\js-bindings\cocos2d-x\cocos\ui\GUIDefine.h(31,10): fatal error C1083: Cannot open include file: 'cocostudio/ObjectFactory.h': No such file or directory (compiling source file ..\auto\jsb_cocos2dx_3d_auto.cpp)
I:\Projects\Spin_Wheel\frameworks\js-bindings\cocos2d-x\cocos\ui\GUIDefine.h(31,10): fatal error C1083: Cannot open include file: 'cocostudio/ObjectFactory.h': No such file or directory (compiling source file ..\auto\jsb_cocos2dx_3d_extension_auto.cpp)
I:\Projects\Spin_Wheel\frameworks\js-bindings\cocos2d-x\cocos\ui\GUIDefine.h(31,10): fatal error C1083: Cannot open include file: 'cocostudio/ObjectFactory.h': No such file or directory (compiling source file ..\auto\jsb_cocos2dx_builder_auto.cpp)
  jsb_cocos2dx_extension_auto.cpp
  jsb_cocos2dx_spine_auto.cpp
  jsb_cocos2dx_studio_auto.cpp
  jsb_cocos2dx_ui_auto.cpp
I:\Projects\Spin_Wheel\frameworks\js-bindings\cocos2d-x\cocos\ui\GUIDefine.h(31,10): fatal error C1083: Cannot open include file: 'cocostudio/ObjectFactory.h': No such file or directory (compiling source file ..\auto\jsb_cocos2dx_studio_auto.cpp)
I:\Projects\Spin_Wheel\frameworks\js-bindings\cocos2d-x\cocos\ui\GUIDefine.h(31,10): fatal error C1083: Cannot open include file: 'cocostudio/ObjectFactory.h': No such file or directory (compiling source file ..\auto\jsb_cocos2dx_ui_auto.cpp)
I:\Projects\Spin_Wheel\frameworks\js-bindings\cocos2d-x\cocos\ui\GUIDefine.h(31,10): fatal error C1083: Cannot open include file: 'cocostudio/ObjectFactory.h': No such file or directory (compiling source file ..\auto\jsb_cocos2dx_extension_auto.cpp)
  jsb_cocos2dx_3d_manual.cpp
I:\Projects\Spin_Wheel\frameworks\js-bindings\cocos2d-x\cocos\ui\GUIDefine.h(31,10): fatal error C1083: Cannot open include file: 'cocostudio/ObjectFactory.h': No such file or directory (compiling source file ..\auto\jsb_cocos2dx_spine_auto.cpp)
  js_bindings_chipmunk_auto_classes.cpp
  js_bindings_chipmunk_functions.cpp
  js_bindings_chipmunk_manual.cpp
I:\Projects\Spin_Wheel\frameworks\js-bindings\cocos2d-x\cocos\ui\GUIDefine.h(31,10): fatal error C1083: Cannot open include file: 'cocostudio/ObjectFactory.h': No such file or directory (compiling source file ..\manual\3d\jsb_cocos2dx_3d_manual.cpp)
  js_bindings_chipmunk_registration.cpp
I:\Projects\Spin_Wheel\frameworks\js-bindings\cocos2d-x\cocos\ui\GUIDefine.h(31,10): fatal error C1083: Cannot open include file: 'cocostudio/ObjectFactory.h': No such file or directory (compiling source file ..\manual\chipmunk\js_bindings_chipmunk_manual.cpp)
  cocos2d_specifics.cpp
I:\Projects\Spin_Wheel\frameworks\js-bindings\bindings\manual\js_manual_conversions.h(110,70): error C2039: 'Quaternion': is not a member of 'cocos2d' (compiling source file ..\manual\chipmunk\js_bindings_chipmunk_functions.cpp)
I:\Projects\Spin_Wheel\frameworks\js-bindings\cocos2d-x\cocos\2d\cocos2d.h(285): message : see declaration of 'cocos2d' (compiling source file ..\manual\chipmunk\js_bindings_chipmunk_functions.cpp)
I:\Projects\Spin_Wheel\frameworks\js-bindings\bindings\manual\js_manual_conversions.h(110,70): error C2039: 'Quaternion': is not a member of 'cocos2d' (compiling source file ..\manual\chipmunk\js_bindings_chipmunk_auto_classes.cpp)
I:\Projects\Spin_Wheel\frameworks\js-bindings\cocos2d-x\cocos\2d\cocos2d.h(285): message : see declaration of 'cocos2d' (compiling source file ..\manual\chipmunk\js_bindings_chipmunk_auto_classes.cpp)
I:\Projects\Spin_Wheel\frameworks\js-bindings\bindings\manual\js_manual_conversions.h(110,80): error C2061: syntax error: identifier 'Quaternion' (compiling source file ..\manual\chipmunk\js_bindings_chipmunk_functions.cpp)
I:\Projects\Spin_Wheel\frameworks\js-bindings\bindings\manual\js_manual_conversions.h(110,80): error C2061: syntax error: identifier 'Quaternion' (compiling source file ..\manual\chipmunk\js_bindings_chipmunk_auto_classes.cpp)
I:\Projects\Spin_Wheel\frameworks\js-bindings\bindings\manual\js_manual_conversions.h(111,63): error C2039: 'OBB': is not a member of 'cocos2d' (compiling source file ..\manual\chipmunk\js_bindings_chipmunk_functions.cpp)
I:\Projects\Spin_Wheel\frameworks\js-bindings\cocos2d-x\cocos\2d\cocos2d.h(285): message : see declaration of 'cocos2d' (compiling source file ..\manual\chipmunk\js_bindings_chipmunk_functions.cpp)
I:\Projects\Spin_Wheel\frameworks\js-bindings\bindings\manual\js_manual_conversions.h(111,63): error C2039: 'OBB': is not a member of 'cocos2d' (compiling source file ..\manual\chipmunk\js_bindings_chipmunk_auto_classes.cpp)
I:\Projects\Spin_Wheel\frameworks\js-bindings\cocos2d-x\cocos\2d\cocos2d.h(285): message : see declaration of 'cocos2d' (compiling source file ..\manual\chipmunk\js_bindings_chipmunk_auto_classes.cpp)
I:\Projects\Spin_Wheel\frameworks\js-bindings\bindings\manual\js_manual_conversions.h(111,66): error C2061: syntax error: identifier 'OBB' (compiling source file ..\manual\chipmunk\js_bindings_chipmunk_functions.cpp)
I:\Projects\Spin_Wheel\frameworks\js-bindings\bindings\manual\js_manual_conversions.h(111,66): error C2061: syntax error: identifier 'OBB' (compiling source file ..\manual\chipmunk\js_bindings_chipmunk_auto_classes.cpp)
I:\Projects\Spin_Wheel\frameworks\js-bindings\bindings\manual\js_manual_conversions.h(112,63): error C2039: 'Ray': is not a member of 'cocos2d' (compiling source file ..\manual\chipmunk\js_bindings_chipmunk_functions.cpp)
I:\Projects\Spin_Wheel\frameworks\js-bindings\cocos2d-x\cocos\2d\cocos2d.h(285): message : see declaration of 'cocos2d' (compiling source file ..\manual\chipmunk\js_bindings_chipmunk_functions.cpp)
I:\Projects\Spin_Wheel\frameworks\js-bindings\bindings\manual\js_manual_conversions.h(112,63): error C2039: 'Ray': is not a member of 'cocos2d' (compiling source file ..\manual\chipmunk\js_bindings_chipmunk_auto_classes.cpp)
I:\Projects\Spin_Wheel\frameworks\js-bindings\cocos2d-x\cocos\2d\cocos2d.h(285): message : see declaration of 'cocos2d' (compiling source file ..\manual\chipmunk\js_bindings_chipmunk_auto_classes.cpp)
I:\Projects\Spin_Wheel\frameworks\js-bindings\bindings\manual\js_manual_conversions.h(112,66): error C2061: syntax error: identifier 'Ray' (compiling source file ..\manual\chipmunk\js_bindings_chipmunk_functions.cpp)
I:\Projects\Spin_Wheel\frameworks\js-bindings\bindings\manual\js_manual_conversions.h(112,66): error C2061: syntax error: identifier 'Ray' (compiling source file ..\manual\chipmunk\js_bindings_chipmunk_auto_classes.cpp)
I:\Projects\Spin_Wheel\frameworks\js-bindings\bindings\manual\js_manual_conversions.h(184,66): error C2039: 'Mat4': is not a member of 'cocos2d' (compiling source file ..\manual\chipmunk\js_bindings_chipmunk_auto_classes.cpp)
I:\Projects\Spin_Wheel\frameworks\js-bindings\cocos2d-x\cocos\2d\cocos2d.h(285): message : see declaration of 'cocos2d' (compiling source file ..\manual\chipmunk\js_bindings_chipmunk_auto_classes.cpp)
I:\Projects\Spin_Wheel\frameworks\js-bindings\bindings\manual\js_manual_conversions.h(184,66): error C2039: 'Mat4': is not a member of 'cocos2d' (compiling source file ..\manual\chipmunk\js_bindings_chipmunk_functions.cpp)
I:\Projects\Spin_Wheel\frameworks\js-bindings\cocos2d-x\cocos\2d\cocos2d.h(285): message : see declaration of 'cocos2d' (compiling source file ..\manual\chipmunk\js_bindings_chipmunk_functions.cpp)
I:\Projects\Spin_Wheel\frameworks\js-bindings\bindings\manual\js_manual_conversions.h(184,70): error C2061: syntax error: identifier 'Mat4' (compiling source file ..\manual\chipmunk\js_bindings_chipmunk_auto_classes.cpp)
I:\Projects\Spin_Wheel\frameworks\js-bindings\bindings\manual\js_manual_conversions.h(184,70): error C2061: syntax error: identifier 'Mat4' (compiling source file ..\manual\chipmunk\js_bindings_chipmunk_functions.cpp)
I:\Projects\Spin_Wheel\frameworks\js-bindings\bindings\manual\js_manual_conversions.h(185,67): error C2039: 'Vec2': is not a member of 'cocos2d' (compiling source file ..\manual\chipmunk\js_bindings_chipmunk_auto_classes.cpp)
I:\Projects\Spin_Wheel\frameworks\js-bindings\cocos2d-x\cocos\2d\cocos2d.h(285): message : see declaration of 'cocos2d' (compiling source file ..\manual\chipmunk\js_bindings_chipmunk_auto_classes.cpp)
I:\Projects\Spin_Wheel\frameworks\js-bindings\bindings\manual\js_manual_conversions.h(185,71): error C2061: syntax error: identifier 'Vec2' (compiling source file ..\manual\chipmunk\js_bindings_chipmunk_auto_classes.cpp)
I:\Projects\Spin_Wheel\frameworks\js-bindings\bindings\manual\js_manual_conversions.h(185,67): error C2039: 'Vec2': is not a member of 'cocos2d' (compiling source file ..\manual\chipmunk\js_bindings_chipmunk_functions.cpp)
I:\Projects\Spin_Wheel\frameworks\js-bindings\cocos2d-x\cocos\2d\cocos2d.h(285): message : see declaration of 'cocos2d' (compiling source file ..\manual\chipmunk\js_bindings_chipmunk_functions.cpp)
I:\Projects\Spin_Wheel\frameworks\js-bindings\bindings\manual\js_manual_conversions.h(185,71): error C2061: syntax error: identifier 'Vec2' (compiling source file ..\manual\chipmunk\js_bindings_chipmunk_functions.cpp)
I:\Projects\Spin_Wheel\frameworks\js-bindings\bindings\manual\js_manual_conversions.h(186,67): error C2039: 'Vec3': is not a member of 'cocos2d' (compiling source file ..\manual\chipmunk\js_bindings_chipmunk_auto_classes.cpp)
I:\Projects\Spin_Wheel\frameworks\js-bindings\cocos2d-x\cocos\2d\cocos2d.h(285): message : see declaration of 'cocos2d' (compiling source file ..\manual\chipmunk\js_bindings_chipmunk_auto_classes.cpp)
I:\Projects\Spin_Wheel\frameworks\js-bindings\bindings\manual\js_manual_conversions.h(186,71): error C2061: syntax error: identifier 'Vec3' (compiling source file ..\manual\chipmunk\js_bindings_chipmunk_auto_classes.cpp)
I:\Projects\Spin_Wheel\frameworks\js-bindings\bindings\manual\js_manual_conversions.h(186,67): error C2039: 'Vec3': is not a member of 'cocos2d' (compiling source file ..\manual\chipmunk\js_bindings_chipmunk_functions.cpp)
I:\Projects\Spin_Wheel\frameworks\js-bindings\cocos2d-x\cocos\2d\cocos2d.h(285): message : see declaration of 'cocos2d' (compiling source file ..\manual\chipmunk\js_bindings_chipmunk_functions.cpp)
I:\Projects\Spin_Wheel\frameworks\js-bindings\bindings\manual\js_manual_conversions.h(186,71): error C2061: syntax error: identifier 'Vec3' (compiling source file ..\manual\chipmunk\js_bindings_chipmunk_functions.cpp)
I:\Projects\Spin_Wheel\frameworks\js-bindings\bindings\manual\js_manual_conversions.h(187,67): error C2039: 'Vec4': is not a member of 'cocos2d' (compiling source file ..\manual\chipmunk\js_bindings_chipmunk_auto_classes.cpp)
I:\Projects\Spin_Wheel\frameworks\js-bindings\cocos2d-x\cocos\2d\cocos2d.h(285): message : see declaration of 'cocos2d' (compiling source file ..\manual\chipmunk\js_bindings_chipmunk_auto_classes.cpp)
I:\Projects\Spin_Wheel\frameworks\js-bindings\bindings\manual\js_manual_conversions.h(187,71): error C2061: syntax error: identifier 'Vec4' (compiling source file ..\manual\chipmunk\js_bindings_chipmunk_auto_classes.cpp)
I:\Projects\Spin_Wheel\frameworks\js-bindings\bindings\manual\js_manual_conversions.h(187,67): error C2039: 'Vec4': is not a member of 'cocos2d' (compiling source file ..\manual\chipmunk\js_bindings_chipmunk_functions.cpp)
I:\Projects\Spin_Wheel\frameworks\js-bindings\cocos2d-x\cocos\2d\cocos2d.h(285): message : see declaration of 'cocos2d' (compiling source file ..\manual\chipmunk\js_bindings_chipmunk_functions.cpp)
I:\Projects\Spin_Wheel\frameworks\js-bindings\bindings\manual\js_manual_conversions.h(187,71): error C2061: syntax error: identifier 'Vec4' (compiling source file ..\manual\chipmunk\js_bindings_chipmunk_functions.cpp)
I:\Projects\Spin_Wheel\frameworks\js-bindings\bindings\manual\js_manual_conversions.h(265,57): error C2039: 'Quaternion': is not a member of 'cocos2d' (compiling source file ..\manual\chipmunk\js_bindings_chipmunk_auto_classes.cpp)
I:\Projects\Spin_Wheel\frameworks\js-bindings\cocos2d-x\cocos\2d\cocos2d.h(285): message : see declaration of 'cocos2d' (compiling source file ..\manual\chipmunk\js_bindings_chipmunk_auto_classes.cpp)
I:\Projects\Spin_Wheel\frameworks\js-bindings\bindings\manual\js_manual_conversions.h(265,57): error C2039: 'Quaternion': is not a member of 'cocos2d' (compiling source file ..\manual\chipmunk\js_bindings_chipmunk_functions.cpp)
I:\Projects\Spin_Wheel\frameworks\js-bindings\cocos2d-x\cocos\2d\cocos2d.h(285): message : see declaration of 'cocos2d' (compiling source file ..\manual\chipmunk\js_bindings_chipmunk_functions.cpp)
I:\Projects\Spin_Wheel\frameworks\js-bindings\bindings\manual\js_manual_conversions.h(265,67): error C4430: missing type specifier - int assumed. Note: C++ does not support default-int (compiling source file ..\manual\chipmunk\js_bindings_chipmunk_auto_classes.cpp)
I:\Projects\Spin_Wheel\frameworks\js-bindings\bindings\manual\js_manual_conversions.h(265,67): error C4430: missing type specifier - int assumed. Note: C++ does not support default-int (compiling source file ..\manual\chipmunk\js_bindings_chipmunk_functions.cpp)
I:\Projects\Spin_Wheel\frameworks\js-bindings\bindings\manual\js_manual_conversions.h(265,67): error C2143: syntax error: missing ',' before '&' (compiling source file ..\manual\chipmunk\js_bindings_chipmunk_auto_classes.cpp)
I:\Projects\Spin_Wheel\frameworks\js-bindings\bindings\manual\js_manual_conversions.h(265,67): error C2143: syntax error: missing ',' before '&' (compiling source file ..\manual\chipmunk\js_bindings_chipmunk_functions.cpp)
I:\Projects\Spin_Wheel\frameworks\js-bindings\bindings\manual\js_manual_conversions.h(266,63): error C2039: 'MeshVertexAttrib': is not a member of 'cocos2d' (compiling source file ..\manual\chipmunk\js_bindings_chipmunk_auto_classes.cpp)
I:\Projects\Spin_Wheel\frameworks\js-bindings\cocos2d-x\cocos\2d\cocos2d.h(285): message : see declaration of 'cocos2d' (compiling source file ..\manual\chipmunk\js_bindings_chipmunk_auto_classes.cpp)
I:\Projects\Spin_Wheel\frameworks\js-bindings\bindings\manual\js_manual_conversions.h(266,63): error C2039: 'MeshVertexAttrib': is not a member of 'cocos2d' (compiling source file ..\manual\chipmunk\js_bindings_chipmunk_functions.cpp)
I:\Projects\Spin_Wheel\frameworks\js-bindings\cocos2d-x\cocos\2d\cocos2d.h(285): message : see declaration of 'cocos2d' (compiling source file ..\manual\chipmunk\js_bindings_chipmunk_functions.cpp)
I:\Projects\Spin_Wheel\frameworks\js-bindings\bindings\manual\js_manual_conversions.h(266,79): error C4430: missing type specifier - int assumed. Note: C++ does not support default-int (compiling source file ..\manual\chipmunk\js_bindings_chipmunk_auto_classes.cpp)
I:\Projects\Spin_Wheel\frameworks\js-bindings\bindings\manual\js_manual_conversions.h(266,79): error C4430: missing type specifier - int assumed. Note: C++ does not support default-int (compiling source file ..\manual\chipmunk\js_bindings_chipmunk_functions.cpp)
I:\Projects\Spin_Wheel\frameworks\js-bindings\bindings\manual\js_manual_conversions.h(266,79): error C2143: syntax error: missing ',' before '&' (compiling source file ..\manual\chipmunk\js_bindings_chipmunk_auto_classes.cpp)
I:\Projects\Spin_Wheel\frameworks\js-bindings\bindings\manual\js_manual_conversions.h(266,79): error C2143: syntax error: missing ',' before '&' (compiling source file ..\manual\chipmunk\js_bindings_chipmunk_functions.cpp)
I:\Projects\Spin_Wheel\frameworks\js-bindings\bindings\manual\js_manual_conversions.h(330,53): error C2039: 'Mat4': is not a member of 'cocos2d' (compiling source file ..\manual\chipmunk\js_bindings_chipmunk_auto_classes.cpp)
I:\Projects\Spin_Wheel\frameworks\js-bindings\cocos2d-x\cocos\2d\cocos2d.h(285): message : see declaration of 'cocos2d' (compiling source file ..\manual\chipmunk\js_bindings_chipmunk_auto_classes.cpp)
I:\Projects\Spin_Wheel\frameworks\js-bindings\bindings\manual\js_manual_conversions.h(330,57): error C4430: missing type specifier - int assumed. Note: C++ does not support default-int (compiling source file ..\manual\chipmunk\js_bindings_chipmunk_auto_classes.cpp)
I:\Projects\Spin_Wheel\frameworks\js-bindings\bindings\manual\js_manual_conversions.h(330,57): error C2143: syntax error: missing ',' before '&' (compiling source file ..\manual\chipmunk\js_bindings_chipmunk_auto_classes.cpp)
I:\Projects\Spin_Wheel\frameworks\js-bindings\bindings\manual\js_manual_conversions.h(330,53): error C2039: 'Mat4': is not a member of 'cocos2d' (compiling source file ..\manual\chipmunk\js_bindings_chipmunk_functions.cpp)
I:\Projects\Spin_Wheel\frameworks\js-bindings\cocos2d-x\cocos\2d\cocos2d.h(285): message : see declaration of 'cocos2d' (compiling source file ..\manual\chipmunk\js_bindings_chipmunk_functions.cpp)
I:\Projects\Spin_Wheel\frameworks\js-bindings\bindings\manual\js_manual_conversions.h(330,57): error C4430: missing type specifier - int assumed. Note: C++ does not support default-int (compiling source file ..\manual\chipmunk\js_bindings_chipmunk_functions.cpp)
I:\Projects\Spin_Wheel\frameworks\js-bindings\bindings\manual\js_manual_conversions.h(331,54): error C2039: 'Vec2': is not a member of 'cocos2d' (compiling source file ..\manual\chipmunk\js_bindings_chipmunk_auto_classes.cpp)
I:\Projects\Spin_Wheel\frameworks\js-bindings\cocos2d-x\cocos\2d\cocos2d.h(285): message : see declaration of 'cocos2d' (compiling source file ..\manual\chipmunk\js_bindings_chipmunk_auto_classes.cpp)
I:\Projects\Spin_Wheel\frameworks\js-bindings\bindings\manual\js_manual_conversions.h(330,57): error C2143: syntax error: missing ',' before '&' (compiling source file ..\manual\chipmunk\js_bindings_chipmunk_functions.cpp)
I:\Projects\Spin_Wheel\frameworks\js-bindings\bindings\manual\js_manual_conversions.h(331,58): error C4430: missing type specifier - int assumed. Note: C++ does not support default-int (compiling source file ..\manual\chipmunk\js_bindings_chipmunk_auto_classes.cpp)
I:\Projects\Spin_Wheel\frameworks\js-bindings\bindings\manual\js_manual_conversions.h(331,58): error C2143: syntax error: missing ',' before '&' (compiling source file ..\manual\chipmunk\js_bindings_chipmunk_auto_classes.cpp)
I:\Projects\Spin_Wheel\frameworks\js-bindings\bindings\manual\js_manual_conversions.h(331,54): error C2039: 'Vec2': is not a member of 'cocos2d' (compiling source file ..\manual\chipmunk\js_bindings_chipmunk_functions.cpp)
I:\Projects\Spin_Wheel\frameworks\js-bindings\cocos2d-x\cocos\2d\cocos2d.h(285): message : see declaration of 'cocos2d' (compiling source file ..\manual\chipmunk\js_bindings_chipmunk_functions.cpp)
I:\Projects\Spin_Wheel\frameworks\js-bindings\bindings\manual\js_manual_conversions.h(331,58): error C4430: missing type specifier - int assumed. Note: C++ does not support default-int (compiling source file ..\manual\chipmunk\js_bindings_chipmunk_functions.cpp)
I:\Projects\Spin_Wheel\frameworks\js-bindings\bindings\manual\js_manual_conversions.h(332,54): error C2039: 'Vec3': is not a member of 'cocos2d' (compiling source file ..\manual\chipmunk\js_bindings_chipmunk_auto_classes.cpp)
I:\Projects\Spin_Wheel\frameworks\js-bindings\cocos2d-x\cocos\2d\cocos2d.h(285): message : see declaration of 'cocos2d' (compiling source file ..\manual\chipmunk\js_bindings_chipmunk_auto_classes.cpp)
I:\Projects\Spin_Wheel\frameworks\js-bindings\bindings\manual\js_manual_conversions.h(331,58): error C2143: syntax error: missing ',' before '&' (compiling source file ..\manual\chipmunk\js_bindings_chipmunk_functions.cpp)
I:\Projects\Spin_Wheel\frameworks\js-bindings\bindings\manual\js_manual_conversions.h(332,58): error C4430: missing type specifier - int assumed. Note: C++ does not support default-int (compiling source file ..\manual\chipmunk\js_bindings_chipmunk_auto_classes.cpp)
I:\Projects\Spin_Wheel\frameworks\js-bindings\bindings\manual\js_manual_conversions.h(332,58): error C2143: syntax error: missing ',' before '&' (compiling source file ..\manual\chipmunk\js_bindings_chipmunk_auto_classes.cpp)
I:\Projects\Spin_Wheel\frameworks\js-bindings\bindings\manual\js_manual_conversions.h(332,54): error C2039: 'Vec3': is not a member of 'cocos2d' (compiling source file ..\manual\chipmunk\js_bindings_chipmunk_functions.cpp)
I:\Projects\Spin_Wheel\frameworks\js-bindings\cocos2d-x\cocos\2d\cocos2d.h(285): message : see declaration of 'cocos2d' (compiling source file ..\manual\chipmunk\js_bindings_chipmunk_functions.cpp)
I:\Projects\Spin_Wheel\frameworks\js-bindings\bindings\manual\js_manual_conversions.h(332,58): error C4430: missing type specifier - int assumed. Note: C++ does not support default-int (compiling source file ..\manual\chipmunk\js_bindings_chipmunk_functions.cpp)
I:\Projects\Spin_Wheel\frameworks\js-bindings\bindings\manual\js_manual_conversions.h(332,58): error C2143: syntax error: missing ',' before '&' (compiling source file ..\manual\chipmunk\js_bindings_chipmunk_functions.cpp)
I:\Projects\Spin_Wheel\frameworks\js-bindings\cocos2d-x\cocos\ui\GUIDefine.h(31,10): fatal error C1083: Cannot open include file: 'cocostudio/ObjectFactory.h': No such file or directory (compiling source file ..\manual\chipmunk\js_bindings_chipmunk_auto_classes.cpp)
I:\Projects\Spin_Wheel\frameworks\js-bindings\cocos2d-x\cocos\ui\GUIDefine.h(31,10): fatal error C1083: Cannot open include file: 'cocostudio/ObjectFactory.h': No such file or directory (compiling source file ..\manual\chipmunk\js_bindings_chipmunk_functions.cpp)
  js_bindings_ccbreader.cpp
  jsb_cocos2dx_studio_conversions.cpp
I:\Projects\Spin_Wheel\frameworks\js-bindings\cocos2d-x\cocos\ui\GUIDefine.h(31,10): fatal error C1083: Cannot open include file: 'cocostudio/ObjectFactory.h': No such file or directory (compiling source file ..\manual\cocos2d_specifics.cpp)
  jsb_cocos2dx_studio_manual.cpp
I:\Projects\Spin_Wheel\frameworks\js-bindings\cocos2d-x\cocos\ui\GUIDefine.h(31,10): fatal error C1083: Cannot open include file: 'cocostudio/ObjectFactory.h': No such file or directory (compiling source file ..\manual\chipmunk\js_bindings_chipmunk_registration.cpp)
  jsb_cocos2dx_extension_manual.cpp
I:\Projects\Spin_Wheel\frameworks\js-bindings\cocos2d-x\cocos\ui\GUIDefine.h(31,10): fatal error C1083: Cannot open include file: 'cocostudio/ObjectFactory.h': No such file or directory (compiling source file ..\manual\cocosbuilder\js_bindings_ccbreader.cpp)
  jsb_event_dispatcher_manual.cpp
I:\Projects\Spin_Wheel\frameworks\js-bindings\cocos2d-x\cocos\ui\GUIDefine.h(31,10): fatal error C1083: Cannot open include file: 'cocostudio/ObjectFactory.h': No such file or directory (compiling source file ..\manual\cocostudio\jsb_cocos2dx_studio_conversions.cpp)
  jsb_opengl_functions.cpp
I:\Projects\Spin_Wheel\frameworks\js-bindings\bindings\manual\extension\jsb_cocos2dx_extension_manual.h(30,10): fatal error C1083: Cannot open include file: 'extensions/assets-manager/Downloader.h': No such file or directory (compiling source file ..\manual\extension\jsb_cocos2dx_extension_manual.cpp)
  jsb_opengl_manual.cpp
I:\Projects\Spin_Wheel\frameworks\js-bindings\cocos2d-x\cocos\ui\GUIDefine.h(31,10): fatal error C1083: Cannot open include file: 'cocostudio/ObjectFactory.h': No such file or directory (compiling source file ..\manual\cocostudio\jsb_cocos2dx_studio_manual.cpp)
  jsb_opengl_registration.cpp
I:\Projects\Spin_Wheel\frameworks\js-bindings\cocos2d-x\cocos\ui\GUIDefine.h(31,10): fatal error C1083: Cannot open include file: 'cocostudio/ObjectFactory.h': No such file or directory (compiling source file ..\manual\jsb_event_dispatcher_manual.cpp)
  js_bindings_core.cpp
I:\Projects\Spin_Wheel\frameworks\js-bindings\bindings\manual\js_manual_conversions.h(110,70): error C2039: 'Quaternion': is not a member of 'cocos2d' (compiling source file ..\manual\jsb_opengl_functions.cpp)
I:\Projects\Spin_Wheel\frameworks\js-bindings\cocos2d-x\cocos\2d\cocos2d.h(285): message : see declaration of 'cocos2d' (compiling source file ..\manual\jsb_opengl_functions.cpp)
I:\Projects\Spin_Wheel\frameworks\js-bindings\bindings\manual\js_manual_conversions.h(110,80): error C2061: syntax error: identifier 'Quaternion' (compiling source file ..\manual\jsb_opengl_functions.cpp)
I:\Projects\Spin_Wheel\frameworks\js-bindings\bindings\manual\js_manual_conversions.h(111,63): error C2039: 'OBB': is not a member of 'cocos2d' (compiling source file ..\manual\jsb_opengl_functions.cpp)
I:\Projects\Spin_Wheel\frameworks\js-bindings\cocos2d-x\cocos\2d\cocos2d.h(285): message : see declaration of 'cocos2d' (compiling source file ..\manual\jsb_opengl_functions.cpp)
I:\Projects\Spin_Wheel\frameworks\js-bindings\bindings\manual\js_manual_conversions.h(111,66): error C2061: syntax error: identifier 'OBB' (compiling source file ..\manual\jsb_opengl_functions.cpp)
I:\Projects\Spin_Wheel\frameworks\js-bindings\bindings\manual\js_manual_conversions.h(112,63): error C2039: 'Ray': is not a member of 'cocos2d' (compiling source file ..\manual\jsb_opengl_functions.cpp)
I:\Projects\Spin_Wheel\frameworks\js-bindings\cocos2d-x\cocos\2d\cocos2d.h(285): message : see declaration of 'cocos2d' (compiling source file ..\manual\jsb_opengl_functions.cpp)
I:\Projects\Spin_Wheel\frameworks\js-bindings\bindings\manual\js_manual_conversions.h(112,66): error C2061: syntax error: identifier 'Ray' (compiling source file ..\manual\jsb_opengl_functions.cpp)
I:\Projects\Spin_Wheel\frameworks\js-bindings\bindings\manual\js_manual_conversions.h(184,66): error C2039: 'Mat4': is not a member of 'cocos2d' (compiling source file ..\manual\jsb_opengl_functions.cpp)
I:\Projects\Spin_Wheel\frameworks\js-bindings\cocos2d-x\cocos\2d\cocos2d.h(285): message : see declaration of 'cocos2d' (compiling source file ..\manual\jsb_opengl_functions.cpp)
I:\Projects\Spin_Wheel\frameworks\js-bindings\bindings\manual\js_manual_conversions.h(184,70): error C2061: syntax error: identifier 'Mat4' (compiling source file ..\manual\jsb_opengl_functions.cpp)
I:\Projects\Spin_Wheel\frameworks\js-bindings\bindings\manual\js_manual_conversions.h(185,67): error C2039: 'Vec2': is not a member of 'cocos2d' (compiling source file ..\manual\jsb_opengl_functions.cpp)
I:\Projects\Spin_Wheel\frameworks\js-bindings\cocos2d-x\cocos\2d\cocos2d.h(285): message : see declaration of 'cocos2d' (compiling source file ..\manual\jsb_opengl_functions.cpp)
I:\Projects\Spin_Wheel\frameworks\js-bindings\bindings\manual\js_manual_conversions.h(185,71): error C2061: syntax error: identifier 'Vec2' (compiling source file ..\manual\jsb_opengl_functions.cpp)
I:\Projects\Spin_Wheel\frameworks\js-bindings\bindings\manual\js_manual_conversions.h(186,67): error C2039: 'Vec3': is not a member of 'cocos2d' (compiling source file ..\manual\jsb_opengl_functions.cpp)
I:\Projects\Spin_Wheel\frameworks\js-bindings\cocos2d-x\cocos\2d\cocos2d.h(285): message : see declaration of 'cocos2d' (compiling source file ..\manual\jsb_opengl_functions.cpp)
I:\Projects\Spin_Wheel\frameworks\js-bindings\bindings\manual\js_manual_conversions.h(186,71): error C2061: syntax error: identifier 'Vec3' (compiling source file ..\manual\jsb_opengl_functions.cpp)
I:\Projects\Spin_Wheel\frameworks\js-bindings\bindings\manual\js_manual_conversions.h(187,67): error C2039: 'Vec4': is not a member of 'cocos2d' (compiling source file ..\manual\jsb_opengl_functions.cpp)
I:\Projects\Spin_Wheel\frameworks\js-bindings\cocos2d-x\cocos\2d\cocos2d.h(285): message : see declaration of 'cocos2d' (compiling source file ..\manual\jsb_opengl_functions.cpp)
I:\Projects\Spin_Wheel\frameworks\js-bindings\bindings\manual\js_manual_conversions.h(187,71): error C2061: syntax error: identifier 'Vec4' (compiling source file ..\manual\jsb_opengl_functions.cpp)
I:\Projects\Spin_Wheel\frameworks\js-bindings\bindings\manual\js_manual_conversions.h(265,57): error C2039: 'Quaternion': is not a member of 'cocos2d' (compiling source file ..\manual\jsb_opengl_functions.cpp)
I:\Projects\Spin_Wheel\frameworks\js-bindings\cocos2d-x\cocos\2d\cocos2d.h(285): message : see declaration of 'cocos2d' (compiling source file ..\manual\jsb_opengl_functions.cpp)
I:\Projects\Spin_Wheel\frameworks\js-bindings\bindings\manual\js_manual_conversions.h(265,67): error C4430: missing type specifier - int assumed. Note: C++ does not support default-int (compiling source file ..\manual\jsb_opengl_functions.cpp)
I:\Projects\Spin_Wheel\frameworks\js-bindings\bindings\manual\js_manual_conversions.h(265,67): error C2143: syntax error: missing ',' before '&' (compiling source file ..\manual\jsb_opengl_functions.cpp)
I:\Projects\Spin_Wheel\frameworks\js-bindings\bindings\manual\js_manual_conversions.h(266,63): error C2039: 'MeshVertexAttrib': is not a member of 'cocos2d' (compiling source file ..\manual\jsb_opengl_functions.cpp)
I:\Projects\Spin_Wheel\frameworks\js-bindings\cocos2d-x\cocos\2d\cocos2d.h(285): message : see declaration of 'cocos2d' (compiling source file ..\manual\jsb_opengl_functions.cpp)
I:\Projects\Spin_Wheel\frameworks\js-bindings\bindings\manual\js_manual_conversions.h(266,79): error C4430: missing type specifier - int assumed. Note: C++ does not support default-int (compiling source file ..\manual\jsb_opengl_functions.cpp)
I:\Projects\Spin_Wheel\frameworks\js-bindings\bindings\manual\js_manual_conversions.h(266,79): error C2143: syntax error: missing ',' before '&' (compiling source file ..\manual\jsb_opengl_functions.cpp)
I:\Projects\Spin_Wheel\frameworks\js-bindings\bindings\manual\js_manual_conversions.h(330,53): error C2039: 'Mat4': is not a member of 'cocos2d' (compiling source file ..\manual\jsb_opengl_functions.cpp)
I:\Projects\Spin_Wheel\frameworks\js-bindings\cocos2d-x\cocos\2d\cocos2d.h(285): message : see declaration of 'cocos2d' (compiling source file ..\manual\jsb_opengl_functions.cpp)
I:\Projects\Spin_Wheel\frameworks\js-bindings\bindings\manual\js_manual_conversions.h(330,57): error C4430: missing type specifier - int assumed. Note: C++ does not support default-int (compiling source file ..\manual\jsb_opengl_functions.cpp)
I:\Projects\Spin_Wheel\frameworks\js-bindings\bindings\manual\js_manual_conversions.h(330,57): error C2143: syntax error: missing ',' before '&' (compiling source file ..\manual\jsb_opengl_functions.cpp)
I:\Projects\Spin_Wheel\frameworks\js-bindings\bindings\manual\js_manual_conversions.h(331,54): error C2039: 'Vec2': is not a member of 'cocos2d' (compiling source file ..\manual\jsb_opengl_functions.cpp)
I:\Projects\Spin_Wheel\frameworks\js-bindings\cocos2d-x\cocos\2d\cocos2d.h(285): message : see declaration of 'cocos2d' (compiling source file ..\manual\jsb_opengl_functions.cpp)
I:\Projects\Spin_Wheel\frameworks\js-bindings\bindings\manual\js_manual_conversions.h(331,58): error C4430: missing type specifier - int assumed. Note: C++ does not support default-int (compiling source file ..\manual\jsb_opengl_functions.cpp)
I:\Projects\Spin_Wheel\frameworks\js-bindings\bindings\manual\js_manual_conversions.h(331,58): error C2143: syntax error: missing ',' before '&' (compiling source file ..\manual\jsb_opengl_functions.cpp)
I:\Projects\Spin_Wheel\frameworks\js-bindings\bindings\manual\js_manual_conversions.h(332,54): error C2039: 'Vec3': is not a member of 'cocos2d' (compiling source file ..\manual\jsb_opengl_functions.cpp)
I:\Projects\Spin_Wheel\frameworks\js-bindings\cocos2d-x\cocos\2d\cocos2d.h(285): message : see declaration of 'cocos2d' (compiling source file ..\manual\jsb_opengl_functions.cpp)
I:\Projects\Spin_Wheel\frameworks\js-bindings\bindings\manual\js_manual_conversions.h(332,58): error C4430: missing type specifier - int assumed. Note: C++ does not support default-int (compiling source file ..\manual\jsb_opengl_functions.cpp)
I:\Projects\Spin_Wheel\frameworks\js-bindings\bindings\manual\js_manual_conversions.h(332,58): error C2143: syntax error: missing ',' before '&' (compiling source file ..\manual\jsb_opengl_functions.cpp)
  js_bindings_opengl.cpp
I:\Projects\Spin_Wheel\frameworks\js-bindings\bindings\manual\js_manual_conversions.h(110,70): error C2039: 'Quaternion': is not a member of 'cocos2d' (compiling source file ..\manual\jsb_opengl_manual.cpp)
I:\Projects\Spin_Wheel\frameworks\js-bindings\cocos2d-x\cocos\2d\cocos2d.h(285): message : see declaration of 'cocos2d' (compiling source file ..\manual\jsb_opengl_manual.cpp)
I:\Projects\Spin_Wheel\frameworks\js-bindings\bindings\manual\js_manual_conversions.h(110,80): error C2061: syntax error: identifier 'Quaternion' (compiling source file ..\manual\jsb_opengl_manual.cpp)
I:\Projects\Spin_Wheel\frameworks\js-bindings\bindings\manual\js_manual_conversions.h(111,63): error C2039: 'OBB': is not a member of 'cocos2d' (compiling source file ..\manual\jsb_opengl_manual.cpp)
I:\Projects\Spin_Wheel\frameworks\js-bindings\cocos2d-x\cocos\2d\cocos2d.h(285): message : see declaration of 'cocos2d' (compiling source file ..\manual\jsb_opengl_manual.cpp)
I:\Projects\Spin_Wheel\frameworks\js-bindings\bindings\manual\js_manual_conversions.h(111,66): error C2061: syntax error: identifier 'OBB' (compiling source file ..\manual\jsb_opengl_manual.cpp)
I:\Projects\Spin_Wheel\frameworks\js-bindings\bindings\manual\js_manual_conversions.h(112,63): error C2039: 'Ray': is not a member of 'cocos2d' (compiling source file ..\manual\jsb_opengl_manual.cpp)
I:\Projects\Spin_Wheel\frameworks\js-bindings\cocos2d-x\cocos\2d\cocos2d.h(285): message : see declaration of 'cocos2d' (compiling source file ..\manual\jsb_opengl_manual.cpp)
I:\Projects\Spin_Wheel\frameworks\js-bindings\bindings\manual\js_manual_conversions.h(112,66): error C2061: syntax error: identifier 'Ray' (compiling source file ..\manual\jsb_opengl_manual.cpp)
I:\Projects\Spin_Wheel\frameworks\js-bindings\bindings\manual\js_manual_conversions.h(184,66): error C2039: 'Mat4': is not a member of 'cocos2d' (compiling source file ..\manual\jsb_opengl_manual.cpp)
I:\Projects\Spin_Wheel\frameworks\js-bindings\cocos2d-x\cocos\2d\cocos2d.h(285): message : see declaration of 'cocos2d' (compiling source file ..\manual\jsb_opengl_manual.cpp)
I:\Projects\Spin_Wheel\frameworks\js-bindings\bindings\manual\js_manual_conversions.h(184,70): error C2061: syntax error: identifier 'Mat4' (compiling source file ..\manual\jsb_opengl_manual.cpp)
I:\Projects\Spin_Wheel\frameworks\js-bindings\bindings\manual\js_manual_conversions.h(185,67): error C2039: 'Vec2': is not a member of 'cocos2d' (compiling source file ..\manual\jsb_opengl_manual.cpp)
I:\Projects\Spin_Wheel\frameworks\js-bindings\cocos2d-x\cocos\2d\cocos2d.h(285): message : see declaration of 'cocos2d' (compiling source file ..\manual\jsb_opengl_manual.cpp)
I:\Projects\Spin_Wheel\frameworks\js-bindings\bindings\manual\js_manual_conversions.h(185,71): error C2061: syntax error: identifier 'Vec2' (compiling source file ..\manual\jsb_opengl_manual.cpp)
I:\Projects\Spin_Wheel\frameworks\js-bindings\bindings\manual\js_manual_conversions.h(186,67): error C2039: 'Vec3': is not a member of 'cocos2d' (compiling source file ..\manual\jsb_opengl_manual.cpp)
I:\Projects\Spin_Wheel\frameworks\js-bindings\cocos2d-x\cocos\2d\cocos2d.h(285): message : see declaration of 'cocos2d' (compiling source file ..\manual\jsb_opengl_manual.cpp)
I:\Projects\Spin_Wheel\frameworks\js-bindings\bindings\manual\js_manual_conversions.h(186,71): error C2061: syntax error: identifier 'Vec3' (compiling source file ..\manual\jsb_opengl_manual.cpp)
I:\Projects\Spin_Wheel\frameworks\js-bindings\bindings\manual\js_manual_conversions.h(187,67): error C2039: 'Vec4': is not a member of 'cocos2d' (compiling source file ..\manual\jsb_opengl_manual.cpp)
I:\Projects\Spin_Wheel\frameworks\js-bindings\cocos2d-x\cocos\2d\cocos2d.h(285): message : see declaration of 'cocos2d' (compiling source file ..\manual\jsb_opengl_manual.cpp)
I:\Projects\Spin_Wheel\frameworks\js-bindings\bindings\manual\js_manual_conversions.h(187,71): error C2061: syntax error: identifier 'Vec4' (compiling source file ..\manual\jsb_opengl_manual.cpp)
I:\Projects\Spin_Wheel\frameworks\js-bindings\bindings\manual\js_manual_conversions.h(265,57): error C2039: 'Quaternion': is not a member of 'cocos2d' (compiling source file ..\manual\jsb_opengl_manual.cpp)
I:\Projects\Spin_Wheel\frameworks\js-bindings\cocos2d-x\cocos\2d\cocos2d.h(285): message : see declaration of 'cocos2d' (compiling source file ..\manual\jsb_opengl_manual.cpp)
I:\Projects\Spin_Wheel\frameworks\js-bindings\bindings\manual\js_manual_conversions.h(265,67): error C4430: missing type specifier - int assumed. Note: C++ does not support default-int (compiling source file ..\manual\jsb_opengl_manual.cpp)
I:\Projects\Spin_Wheel\frameworks\js-bindings\bindings\manual\js_manual_conversions.h(265,67): error C2143: syntax error: missing ',' before '&' (compiling source file ..\manual\jsb_opengl_manual.cpp)
I:\Projects\Spin_Wheel\frameworks\js-bindings\bindings\manual\js_manual_conversions.h(266,63): error C2039: 'MeshVertexAttrib': is not a member of 'cocos2d' (compiling source file ..\manual\jsb_opengl_manual.cpp)
I:\Projects\Spin_Wheel\frameworks\js-bindings\cocos2d-x\cocos\2d\cocos2d.h(285): message : see declaration of 'cocos2d' (compiling source file ..\manual\jsb_opengl_manual.cpp)
I:\Projects\Spin_Wheel\frameworks\js-bindings\bindings\manual\js_manual_conversions.h(266,79): error C4430: missing type specifier - int assumed. Note: C++ does not support default-int (compiling source file ..\manual\jsb_opengl_manual.cpp)
I:\Projects\Spin_Wheel\frameworks\js-bindings\bindings\manual\js_manual_conversions.h(266,79): error C2143: syntax error: missing ',' before '&' (compiling source file ..\manual\jsb_opengl_manual.cpp)
I:\Projects\Spin_Wheel\frameworks\js-bindings\bindings\manual\js_manual_conversions.h(330,53): error C2039: 'Mat4': is not a member of 'cocos2d' (compiling source file ..\manual\jsb_opengl_manual.cpp)
I:\Projects\Spin_Wheel\frameworks\js-bindings\cocos2d-x\cocos\2d\cocos2d.h(285): message : see declaration of 'cocos2d' (compiling source file ..\manual\jsb_opengl_manual.cpp)
I:\Projects\Spin_Wheel\frameworks\js-bindings\bindings\manual\js_manual_conversions.h(330,57): error C4430: missing type specifier - int assumed. Note: C++ does not support default-int (compiling source file ..\manual\jsb_opengl_manual.cpp)
I:\Projects\Spin_Wheel\frameworks\js-bindings\bindings\manual\js_manual_conversions.h(330,57): error C2143: syntax error: missing ',' before '&' (compiling source file ..\manual\jsb_opengl_manual.cpp)
I:\Projects\Spin_Wheel\frameworks\js-bindings\bindings\manual\js_manual_conversions.h(331,54): error C2039: 'Vec2': is not a member of 'cocos2d' (compiling source file ..\manual\jsb_opengl_manual.cpp)
I:\Projects\Spin_Wheel\frameworks\js-bindings\cocos2d-x\cocos\2d\cocos2d.h(285): message : see declaration of 'cocos2d' (compiling source file ..\manual\jsb_opengl_manual.cpp)
I:\Projects\Spin_Wheel\frameworks\js-bindings\bindings\manual\js_manual_conversions.h(331,58): error C4430: missing type specifier - int assumed. Note: C++ does not support default-int (compiling source file ..\manual\jsb_opengl_manual.cpp)
I:\Projects\Spin_Wheel\frameworks\js-bindings\bindings\manual\js_manual_conversions.h(331,58): error C2143: syntax error: missing ',' before '&' (compiling source file ..\manual\jsb_opengl_manual.cpp)
I:\Projects\Spin_Wheel\frameworks\js-bindings\bindings\manual\js_manual_conversions.h(332,54): error C2039: 'Vec3': is not a member of 'cocos2d' (compiling source file ..\manual\jsb_opengl_manual.cpp)
I:\Projects\Spin_Wheel\frameworks\js-bindings\cocos2d-x\cocos\2d\cocos2d.h(285): message : see declaration of 'cocos2d' (compiling source file ..\manual\jsb_opengl_manual.cpp)
I:\Projects\Spin_Wheel\frameworks\js-bindings\bindings\manual\js_manual_conversions.h(332,58): error C4430: missing type specifier - int assumed. Note: C++ does not support default-int (compiling source file ..\manual\jsb_opengl_manual.cpp)
I:\Projects\Spin_Wheel\frameworks\js-bindings\bindings\manual\js_manual_conversions.h(332,58): error C2143: syntax error: missing ',' before '&' (compiling source file ..\manual\jsb_opengl_manual.cpp)
  js_manual_conversions.cpp
I:\Projects\Spin_Wheel\frameworks\js-bindings\cocos2d-x\cocos\ui\GUIDefine.h(31,10): fatal error C1083: Cannot open include file: 'cocostudio/ObjectFactory.h': No such file or directory (compiling source file ..\manual\jsb_opengl_registration.cpp)
  js_bindings_system_functions.cpp
I:\Projects\Spin_Wheel\frameworks\js-bindings\cocos2d-x\cocos\ui\GUIDefine.h(31,10): fatal error C1083: Cannot open include file: 'cocostudio/ObjectFactory.h': No such file or directory (compiling source file ..\manual\js_bindings_opengl.cpp)
  js_bindings_system_registration.cpp
I:\Projects\Spin_Wheel\frameworks\js-bindings\cocos2d-x\cocos\ui\GUIDefine.h(31,10): fatal error C1083: Cannot open include file: 'cocostudio/ObjectFactory.h': No such file or directory (compiling source file ..\manual\js_manual_conversions.cpp)
  jsb_socketio.cpp
  jsb_websocket.cpp
I:\Projects\Spin_Wheel\frameworks\js-bindings\bindings\manual\js_manual_conversions.h(110,70): error C2039: 'Quaternion': is not a member of 'cocos2d' (compiling source file ..\manual\localstorage\js_bindings_system_functions.cpp)
I:\Projects\Spin_Wheel\frameworks\js-bindings\cocos2d-x\cocos\2d\cocos2d.h(285): message : see declaration of 'cocos2d' (compiling source file ..\manual\localstorage\js_bindings_system_functions.cpp)
I:\Projects\Spin_Wheel\frameworks\js-bindings\bindings\manual\js_manual_conversions.h(110,80): error C2061: syntax error: identifier 'Quaternion' (compiling source file ..\manual\localstorage\js_bindings_system_functions.cpp)
I:\Projects\Spin_Wheel\frameworks\js-bindings\bindings\manual\js_manual_conversions.h(111,63): error C2039: 'OBB': is not a member of 'cocos2d' (compiling source file ..\manual\localstorage\js_bindings_system_functions.cpp)
I:\Projects\Spin_Wheel\frameworks\js-bindings\cocos2d-x\cocos\2d\cocos2d.h(285): message : see declaration of 'cocos2d' (compiling source file ..\manual\localstorage\js_bindings_system_functions.cpp)
I:\Projects\Spin_Wheel\frameworks\js-bindings\bindings\manual\js_manual_conversions.h(111,66): error C2061: syntax error: identifier 'OBB' (compiling source file ..\manual\localstorage\js_bindings_system_functions.cpp)
I:\Projects\Spin_Wheel\frameworks\js-bindings\bindings\manual\js_manual_conversions.h(112,63): error C2039: 'Ray': is not a member of 'cocos2d' (compiling source file ..\manual\localstorage\js_bindings_system_functions.cpp)
I:\Projects\Spin_Wheel\frameworks\js-bindings\cocos2d-x\cocos\2d\cocos2d.h(285): message : see declaration of 'cocos2d' (compiling source file ..\manual\localstorage\js_bindings_system_functions.cpp)
I:\Projects\Spin_Wheel\frameworks\js-bindings\bindings\manual\js_manual_conversions.h(112,66): error C2061: syntax error: identifier 'Ray' (compiling source file ..\manual\localstorage\js_bindings_system_functions.cpp)
I:\Projects\Spin_Wheel\frameworks\js-bindings\bindings\manual\js_manual_conversions.h(184,66): error C2039: 'Mat4': is not a member of 'cocos2d' (compiling source file ..\manual\localstorage\js_bindings_system_functions.cpp)
I:\Projects\Spin_Wheel\frameworks\js-bindings\cocos2d-x\cocos\2d\cocos2d.h(285): message : see declaration of 'cocos2d' (compiling source file ..\manual\localstorage\js_bindings_system_functions.cpp)
I:\Projects\Spin_Wheel\frameworks\js-bindings\bindings\manual\js_manual_conversions.h(184,70): error C2061: syntax error: identifier 'Mat4' (compiling source file ..\manual\localstorage\js_bindings_system_functions.cpp)
I:\Projects\Spin_Wheel\frameworks\js-bindings\bindings\manual\js_manual_conversions.h(185,67): error C2039: 'Vec2': is not a member of 'cocos2d' (compiling source file ..\manual\localstorage\js_bindings_system_functions.cpp)
I:\Projects\Spin_Wheel\frameworks\js-bindings\cocos2d-x\cocos\2d\cocos2d.h(285): message : see declaration of 'cocos2d' (compiling source file ..\manual\localstorage\js_bindings_system_functions.cpp)
I:\Projects\Spin_Wheel\frameworks\js-bindings\bindings\manual\js_manual_conversions.h(185,71): error C2061: syntax error: identifier 'Vec2' (compiling source file ..\manual\localstorage\js_bindings_system_functions.cpp)
I:\Projects\Spin_Wheel\frameworks\js-bindings\bindings\manual\js_manual_conversions.h(186,67): error C2039: 'Vec3': is not a member of 'cocos2d' (compiling source file ..\manual\localstorage\js_bindings_system_functions.cpp)
I:\Projects\Spin_Wheel\frameworks\js-bindings\cocos2d-x\cocos\2d\cocos2d.h(285): message : see declaration of 'cocos2d' (compiling source file ..\manual\localstorage\js_bindings_system_functions.cpp)
I:\Projects\Spin_Wheel\frameworks\js-bindings\bindings\manual\js_manual_conversions.h(186,71): error C2061: syntax error: identifier 'Vec3' (compiling source file ..\manual\localstorage\js_bindings_system_functions.cpp)
I:\Projects\Spin_Wheel\frameworks\js-bindings\bindings\manual\js_manual_conversions.h(187,67): error C2039: 'Vec4': is not a member of 'cocos2d' (compiling source file ..\manual\localstorage\js_bindings_system_functions.cpp)
I:\Projects\Spin_Wheel\frameworks\js-bindings\cocos2d-x\cocos\2d\cocos2d.h(285): message : see declaration of 'cocos2d' (compiling source file ..\manual\localstorage\js_bindings_system_functions.cpp)
I:\Projects\Spin_Wheel\frameworks\js-bindings\bindings\manual\js_manual_conversions.h(187,71): error C2061: syntax error: identifier 'Vec4' (compiling source file ..\manual\localstorage\js_bindings_system_functions.cpp)
I:\Projects\Spin_Wheel\frameworks\js-bindings\bindings\manual\js_manual_conversions.h(265,57): error C2039: 'Quaternion': is not a member of 'cocos2d' (compiling source file ..\manual\localstorage\js_bindings_system_functions.cpp)
I:\Projects\Spin_Wheel\frameworks\js-bindings\cocos2d-x\cocos\2d\cocos2d.h(285): message : see declaration of 'cocos2d' (compiling source file ..\manual\localstorage\js_bindings_system_functions.cpp)
I:\Projects\Spin_Wheel\frameworks\js-bindings\bindings\manual\js_manual_conversions.h(265,67): error C4430: missing type specifier - int assumed. Note: C++ does not support default-int (compiling source file ..\manual\localstorage\js_bindings_system_functions.cpp)
I:\Projects\Spin_Wheel\frameworks\js-bindings\bindings\manual\js_manual_conversions.h(265,67): error C2143: syntax error: missing ',' before '&' (compiling source file ..\manual\localstorage\js_bindings_system_functions.cpp)
I:\Projects\Spin_Wheel\frameworks\js-bindings\bindings\manual\js_manual_conversions.h(266,63): error C2039: 'MeshVertexAttrib': is not a member of 'cocos2d' (compiling source file ..\manual\localstorage\js_bindings_system_functions.cpp)
I:\Projects\Spin_Wheel\frameworks\js-bindings\cocos2d-x\cocos\2d\cocos2d.h(285): message : see declaration of 'cocos2d' (compiling source file ..\manual\localstorage\js_bindings_system_functions.cpp)
I:\Projects\Spin_Wheel\frameworks\js-bindings\bindings\manual\js_manual_conversions.h(266,79): error C4430: missing type specifier - int assumed. Note: C++ does not support default-int (compiling source file ..\manual\localstorage\js_bindings_system_functions.cpp)
I:\Projects\Spin_Wheel\frameworks\js-bindings\bindings\manual\js_manual_conversions.h(266,79): error C2143: syntax error: missing ',' before '&' (compiling source file ..\manual\localstorage\js_bindings_system_functions.cpp)
I:\Projects\Spin_Wheel\frameworks\js-bindings\bindings\manual\js_manual_conversions.h(330,53): error C2039: 'Mat4': is not a member of 'cocos2d' (compiling source file ..\manual\localstorage\js_bindings_system_functions.cpp)
I:\Projects\Spin_Wheel\frameworks\js-bindings\cocos2d-x\cocos\2d\cocos2d.h(285): message : see declaration of 'cocos2d' (compiling source file ..\manual\localstorage\js_bindings_system_functions.cpp)
I:\Projects\Spin_Wheel\frameworks\js-bindings\bindings\manual\js_manual_conversions.h(330,57): error C4430: missing type specifier - int assumed. Note: C++ does not support default-int (compiling source file ..\manual\localstorage\js_bindings_system_functions.cpp)
I:\Projects\Spin_Wheel\frameworks\js-bindings\bindings\manual\js_manual_conversions.h(330,57): error C2143: syntax error: missing ',' before '&' (compiling source file ..\manual\localstorage\js_bindings_system_functions.cpp)
I:\Projects\Spin_Wheel\frameworks\js-bindings\bindings\manual\js_manual_conversions.h(331,54): error C2039: 'Vec2': is not a member of 'cocos2d' (compiling source file ..\manual\localstorage\js_bindings_system_functions.cpp)
I:\Projects\Spin_Wheel\frameworks\js-bindings\cocos2d-x\cocos\2d\cocos2d.h(285): message : see declaration of 'cocos2d' (compiling source file ..\manual\localstorage\js_bindings_system_functions.cpp)
I:\Projects\Spin_Wheel\frameworks\js-bindings\bindings\manual\js_manual_conversions.h(331,58): error C4430: missing type specifier - int assumed. Note: C++ does not support default-int (compiling source file ..\manual\localstorage\js_bindings_system_functions.cpp)
I:\Projects\Spin_Wheel\frameworks\js-bindings\bindings\manual\js_manual_conversions.h(331,58): error C2143: syntax error: missing ',' before '&' (compiling source file ..\manual\localstorage\js_bindings_system_functions.cpp)
I:\Projects\Spin_Wheel\frameworks\js-bindings\bindings\manual\js_manual_conversions.h(332,54): error C2039: 'Vec3': is not a member of 'cocos2d' (compiling source file ..\manual\localstorage\js_bindings_system_functions.cpp)
I:\Projects\Spin_Wheel\frameworks\js-bindings\cocos2d-x\cocos\2d\cocos2d.h(285): message : see declaration of 'cocos2d' (compiling source file ..\manual\localstorage\js_bindings_system_functions.cpp)
I:\Projects\Spin_Wheel\frameworks\js-bindings\bindings\manual\js_manual_conversions.h(332,58): error C4430: missing type specifier - int assumed. Note: C++ does not support default-int (compiling source file ..\manual\localstorage\js_bindings_system_functions.cpp)
I:\Projects\Spin_Wheel\frameworks\js-bindings\bindings\manual\js_manual_conversions.h(332,58): error C2143: syntax error: missing ',' before '&' (compiling source file ..\manual\localstorage\js_bindings_system_functions.cpp)
I:\Projects\Spin_Wheel\frameworks\js-bindings\cocos2d-x\cocos\ui\GUIDefine.h(31,10): fatal error C1083: Cannot open include file: 'cocostudio/ObjectFactory.h': No such file or directory (compiling source file ..\manual\localstorage\js_bindings_system_functions.cpp)
  XMLHTTPRequest.cpp
I:\Projects\Spin_Wheel\frameworks\js-bindings\cocos2d-x\cocos\ui\GUIDefine.h(31,10): fatal error C1083: Cannot open include file: 'cocostudio/ObjectFactory.h': No such file or directory (compiling source file ..\manual\network\jsb_socketio.cpp)
  ScriptingCore.cpp
  jsb_cocos2dx_spine_manual.cpp
I:\Projects\Spin_Wheel\frameworks\js-bindings\bindings\manual\spine\jsb_cocos2dx_spine_manual.h(28,10): fatal error C1083: Cannot open include file: 'spine/spine-cocos2dx.h': No such file or directory (compiling source file ..\manual\spine\jsb_cocos2dx_spine_manual.cpp)
  jsb_cocos2dx_ui_manual.cpp
I:\Projects\Spin_Wheel\frameworks\js-bindings\cocos2d-x\cocos\ui\GUIDefine.h(31,10): fatal error C1083: Cannot open include file: 'cocostudio/ObjectFactory.h': No such file or directory (compiling source file ..\manual\network\jsb_websocket.cpp)
I:\Projects\Spin_Wheel\frameworks\js-bindings\cocos2d-x\cocos\ui\GUIDefine.h(31,10): fatal error C1083: Cannot open include file: 'cocostudio/ObjectFactory.h': No such file or directory (compiling source file ..\manual\network\XMLHTTPRequest.cpp)
I:\Projects\Spin_Wheel\frameworks\js-bindings\cocos2d-x\cocos\ui\GUIDefine.h(31,10): fatal error C1083: Cannot open include file: 'cocostudio/ObjectFactory.h': No such file or directory (compiling source file ..\manual\ScriptingCore.cpp)
I:\Projects\Spin_Wheel\frameworks\js-bindings\cocos2d-x\cocos\ui\GUIDefine.h(31,10): fatal error C1083: Cannot open include file: 'cocostudio/ObjectFactory.h': No such file or directory (compiling source file ..\manual\ui\jsb_cocos2dx_ui_manual.cpp)
